info: Aug-09-2021 00:12:06: 	Server started and running on http://localhost:3000
info: Aug-09-2021 00:12:23: 	/echobot  api called with body{"userInput":"hi"}
info: Aug-09-2021 00:12:26: 	/echobot  api called with body{"userInput":"hi"}
info: Aug-09-2021 00:12:32: 	/echobot  api called with body{"userInput":"hi hello"}
info: Aug-09-2021 00:12:34: 	/echobot  api called with body{"userInput":"hi hello"}
info: Aug-09-2021 00:12:40: 	/echobot  api called with body{"userInput":"hi hello, how are you"}
info: Aug-09-2021 15:33:48: 	Server started and running on http://localhost:3001
info: Aug-09-2021 15:33:59: 	/echobot  api called with body{"userInput":"hi hello, how are you"}
info: Aug-09-2021 15:34:28: 	Server started and running on http://localhost:3001
info: Aug-09-2021 15:34:29: 	Server started and running on http://localhost:3001
info: Aug-09-2021 15:37:53: 	Server started and running on http://localhost:3001
info: Aug-09-2021 15:38:47: 	Server started and running on http://localhost:3001
info: Aug-09-2021 15:39:14: 	/echobot  api called with body{}
info: Aug-09-2021 15:40:35: 	/echobot  api called with body{}
info: Aug-09-2021 15:43:33: 	/echobot  api called with body{"userInput":"hi"}
info: Aug-09-2021 15:44:17: 	/echobot  api called with body{"userInput":"hi"}
info: Aug-09-2021 15:44:41: 	/echobot  api called with body{"userInput":"hi"}
info: Aug-09-2021 15:51:27: 	/echobot  api called with body{"userInput":"hi"}
info: Aug-09-2021 15:52:04: 	/echobot  api called with body{"userInput":"hi"}
info: Aug-09-2021 15:52:42: 	/echobot  api called with body{"userInput":"hi"}
info: Aug-09-2021 15:54:21: 	/echobot  api called with body{"userInput":"hi"}
info: Aug-09-2021 15:54:48: 	/echobot  api called with body{"userInput":"hi"}
info: Aug-09-2021 15:55:17: 	/echobot  api called with body{"userInput":"hi"}
info: Aug-09-2021 15:55:22: 	/echobot  api called with body{"userInput":"hello"}
info: Aug-09-2021 15:55:27: 	/echobot  api called with body{"userInput":"how are your"}
info: Aug-09-2021 15:55:37: 	/echobot  api called with body{"userInput":"hi"}
info: Aug-09-2021 15:55:40: 	/echobot  api called with body{"userInput":"how "}
info: Aug-09-2021 15:55:41: 	/echobot  api called with body{"userInput":"are"}
info: Aug-09-2021 15:56:43: 	/echobot  api called with body{"userInput":"hi"}
info: Aug-09-2021 15:56:45: 	/echobot  api called with body{"userInput":"hello"}
info: Aug-09-2021 15:56:47: 	/echobot  api called with body{"userInput":"how "}
info: Aug-09-2021 15:56:47: 	/echobot  api called with body{"userInput":"are"}
info: Aug-09-2021 15:56:49: 	/echobot  api called with body{"userInput":"you"}
info: Aug-09-2021 15:57:02: 	/echobot  api called with body{"userInput":"hi hello, how are you"}
info: Aug-09-2021 15:57:12: 	/echobot  api called with body{"userInput":"hi"}
info: Aug-09-2021 15:57:13: 	/echobot  api called with body{"userInput":"hello"}
info: Aug-09-2021 15:57:15: 	/echobot  api called with body{"userInput":"how"}
info: Aug-09-2021 16:00:31: 	/echobot  api called with body{"userInput":"hi"}
info: Aug-09-2021 16:00:33: 	/echobot  api called with body{"userInput":"hello"}
info: Aug-09-2021 16:00:42: 	/echobot  api called with body{"userInput":"how are you?"}
info: Aug-09-2021 16:00:52: 	/echobot  api called with body{"userInput":"sad"}
info: Aug-09-2021 16:02:15: 	/echobot  api called with body{"userInput":"hi"}
info: Aug-09-2021 16:07:23: 	/echobot  api called with body{"userInput":"hi"}
info: Aug-09-2021 16:07:24: 	/echobot  api called with body{"userInput":"hi"}
info: Aug-09-2021 16:07:25: 	/echobot  api called with body{"userInput":"hello"}
info: Aug-09-2021 16:07:26: 	/echobot  api called with body{"userInput":"how"}
info: Aug-09-2021 16:07:28: 	/echobot  api called with body{"userInput":"are"}
info: Aug-09-2021 16:09:56: 	/echobot  api called with body{"userInput":"hi"}
info: Aug-09-2021 16:11:32: 	/echobot  api called with body{"userInput":"hi"}
info: Aug-09-2021 16:14:11: 	/echobot  api called with body{"userInput":"hi"}
info: Aug-09-2021 16:37:54: 	/echobot  api called with body{"userInput":"hi"}
info: Aug-09-2021 16:39:12: 	/echobot  api called with body{"userInput":"hi"}
info: Aug-09-2021 16:41:12: 	/echobot  api called with body{"userInput":"hi"}
info: Aug-09-2021 16:41:24: 	/echobot  api called with body{"userInput":"hi"}
info: Aug-09-2021 16:42:13: 	/echobot  api called with body{"userInput":"hi"}
info: Aug-09-2021 16:42:36: 	/echobot  api called with body{"userInput":"hi"}
info: Aug-09-2021 16:43:34: 	/echobot  api called with body{"userInput":"hi"}
info: Aug-09-2021 16:43:36: 	/echobot  api called with body{"userInput":"hello"}
info: Aug-09-2021 16:43:38: 	/echobot  api called with body{"userInput":"l"}
info: Aug-09-2021 16:43:40: 	/echobot  api called with body{"userInput":"\\\\asd"}
info: Aug-09-2021 16:43:42: 	/echobot  api called with body{"userInput":"sadfre"}
info: Aug-09-2021 16:43:43: 	/echobot  api called with body{"userInput":"erfgfdbtrfgdb"}
info: Aug-09-2021 16:43:45: 	/echobot  api called with body{"userInput":"42564"}
info: Aug-09-2021 16:43:46: 	/echobot  api called with body{"userInput":"2143123"}
info: Aug-09-2021 16:43:48: 	/echobot  api called with body{"userInput":" sdcds"}
info: Aug-09-2021 16:44:09: 	/echobot  api called with body{"userInput":"hi hello, how are you"}
info: Aug-09-2021 16:45:51: 	/echobot  api called with body{"userInput":"hi"}
info: Aug-09-2021 16:46:02: 	/echobot  api called with body{"userInput":"loooo"}
info: Aug-09-2021 16:46:08: 	/echobot  api called with body{"userInput":"this is shibila here"}
info: Aug-09-2021 16:46:17: 	/echobot  api called with body{"userInput":"how do you do"}
info: Aug-09-2021 16:52:06: 	/echobot  api called with body{"userInput":"hi"}
info: Aug-09-2021 16:52:08: 	/echobot  api called with body{"userInput":"hello"}
info: Aug-09-2021 16:52:11: 	/echobot  api called with body{"userInput":"how are you"}
info: Aug-09-2021 16:52:14: 	/echobot  api called with body{"userInput":"i am fine"}
info: Aug-09-2021 16:52:25: 	/echobot  api called with body{"userInput":"hellp"}
info: Aug-09-2021 16:52:28: 	/echobot  api called with body{"userInput":"hello"}
info: Aug-09-2021 16:52:31: 	/echobot  api called with body{"userInput":"i am faris"}
info: Aug-09-2021 16:52:38: 	/echobot  api called with body{"userInput":"howslho"}
info: Aug-09-2021 16:52:44: 	/echobot  api called with body{"userInput":"i am fat"}
info: Aug-09-2021 16:52:57: 	/echobot  api called with body{"userInput":"hi"}
info: Aug-09-2021 16:52:58: 	/echobot  api called with body{"userInput":"hello"}
info: Aug-09-2021 16:53:01: 	/echobot  api called with body{"userInput":"how are you"}
info: Aug-09-2021 16:53:03: 	/echobot  api called with body{"userInput":"i am fine"}
info: Aug-09-2021 16:53:08: 	/echobot  api called with body{"userInput":"shahinas"}
info: Aug-09-2021 16:53:18: 	/echobot  api called with body{"userInput":"shahinas"}
info: Aug-09-2021 16:53:25: 	/echobot  api called with body{"userInput":"shahanas"}
info: Aug-09-2021 16:53:30: 	/echobot  api called with body{"userInput":"shahanas"}
info: Aug-09-2021 16:53:34: 	/echobot  api called with body{"userInput":"farisa"}
info: Aug-09-2021 16:53:45: 	/echobot  api called with body{"userInput":"fahad"}
info: Aug-09-2021 16:53:47: 	/echobot  api called with body{"userInput":"fahad"}
info: Aug-09-2021 16:53:49: 	/echobot  api called with body{"userInput":"faha"}
info: Aug-09-2021 16:53:53: 	/echobot  api called with body{"userInput":"nashw"}
info: Aug-09-2021 16:53:58: 	/echobot  api called with body{"userInput":"wajid"}
info: Aug-09-2021 16:54:02: 	/echobot  api called with body{"userInput":"faris"}
info: Aug-09-2021 16:54:10: 	/echobot  api called with body{"userInput":"shibila"}
info: Aug-09-2021 16:54:16: 	/echobot  api called with body{"userInput":"nashwa"}
info: Aug-09-2021 16:54:18: 	/echobot  api called with body{"userInput":"abdul raheem"}
info: Aug-09-2021 16:54:21: 	/echobot  api called with body{"userInput":"asdj"}
info: Aug-09-2021 16:54:23: 	/echobot  api called with body{"userInput":"laifhiewhf"}
info: Aug-09-2021 16:54:24: 	/echobot  api called with body{"userInput":"dsilkjfhoiewf"}
info: Aug-09-2021 16:54:26: 	/echobot  api called with body{"userInput":"likfhoewilfhewoif"}
info: Aug-09-2021 16:54:42: 	/echobot  api called with body{"userInput":"pneumonoultramicroscopicsilicovolcanokoniosis"}
info: Aug-09-2021 16:54:46: 	/echobot  api called with body{"userInput":"pneumonoultramicroscopicsilicovolcanokoniosis"}
info: Aug-09-2021 16:54:54: 	/echobot  api called with body{"userInput":"wajid"}
info: Aug-09-2021 16:54:58: 	/echobot  api called with body{"userInput":"hello hi"}
info: Aug-09-2021 16:55:02: 	/echobot  api called with body{"userInput":"pneumonoultramicroscopicsilicovolcanokoniosis"}
error: Aug-09-2021 16:56:00: 	413 - Internal Server Error - request entity too large - /echobot - POST - ::1
info: Aug-09-2021 16:58:35: 	Server started and running on http://localhost:3001
info: Aug-09-2021 16:58:47: 	/echobot  api called with body{"userInput":"hi"}
info: Aug-09-2021 16:58:50: 	/echobot  api called with body{"userInput":"hello"}
error: Aug-09-2021 16:59:05: 	413 - Internal Server Error - request entity too large - /echobot - POST - ::1
info: Aug-09-2021 16:59:27: 	/echobot  api called with body{"userInput":"hi"}
info: Aug-09-2021 16:59:30: 	/echobot  api called with body{"userInput":"hello"}
info: Aug-09-2021 16:59:32: 	/echobot  api called with body{"userInput":"how are you"}
error: Aug-09-2021 17:01:01: 	413 - Internal Server Error - request entity too large - /echobot - POST - ::1
info: Aug-09-2021 17:01:16: 	/echobot  api called with body{"userInput":"hi"}
info: Aug-09-2021 17:01:18: 	/echobot  api called with body{"userInput":"hello"}
info: Aug-09-2021 17:04:12: 	/echobot  api called with body{"userInput":"hi"}
info: Aug-09-2021 17:07:26: 	/echobot  api called with body{"userInput":"आपका नाम क्या है"}
info: Aug-09-2021 17:07:42: 	/echobot  api called with body{"userInput":"आपका नाम क्या है"}
info: Aug-09-2021 17:07:47: 	/echobot  api called with body{"userInput":"आपका नाम क्या है"}
info: Aug-09-2021 17:08:51: 	/echobot  api called with body{"userInput":"hi"}
info: Aug-09-2021 17:09:23: 	/echobot  api called with body{"userInput":"hi"}
info: Aug-09-2021 17:18:37: 	Server started and running on http://localhost:3001
error: Aug-09-2021 17:18:37: 	400 || Not Found - / - GET - ::1
error: Aug-09-2021 17:18:37: 	400 || Not Found - /favicon.ico - GET - ::1
info: Aug-09-2021 17:18:46: 	/echobot  api called with body{"userInput":"hi"}
info: Aug-09-2021 17:18:49: 	/echobot  api called with body{"userInput":"hello"}
info: Aug-09-2021 17:18:53: 	/echobot  api called with body{"userInput":"how are you"}
info: Aug-09-2021 17:19:00: 	/echobot  api called with body{"userInput":"nice to meet you"}
info: Aug-09-2021 17:20:19: 	/echobot  api called with body{"userInput":"hello"}
info: Aug-09-2021 17:20:25: 	/echobot  api called with body{"userInput":"how are you"}
info: Aug-09-2021 17:21:06: 	/echobot  api called with body{"userInput":"hi"}
info: Aug-09-2021 17:21:08: 	/echobot  api called with body{"userInput":"hello"}
info: Aug-09-2021 17:21:11: 	/echobot  api called with body{"userInput":"how are you"}
info: Aug-09-2021 17:22:14: 	/echobot  api called with body{"userInput":"hi"}
info: Aug-09-2021 17:22:15: 	/echobot  api called with body{"userInput":"hello"}
info: Aug-09-2021 17:22:18: 	/echobot  api called with body{"userInput":"how are you"}
info: Aug-09-2021 17:22:23: 	/echobot  api called with body{"userInput":"032"}
info: Aug-09-2021 17:22:27: 	/echobot  api called with body{"userInput":"dsvhopif"}
info: Aug-09-2021 17:22:33: 	/echobot  api called with body{"userInput":"vfhjkofa"}
info: Aug-09-2021 17:22:42: 	/echobot  api called with body{"userInput":"shut the flip up"}
info: Aug-09-2021 17:22:45: 	/echobot  api called with body{"userInput":"fjFHLKF\\]fdhjsaf"}
info: Aug-09-2021 17:22:47: 	/echobot  api called with body{"userInput":"gFDLFDF"}
info: Aug-09-2021 17:22:48: 	/echobot  api called with body{"userInput":"DSFDSFDS"}
